This is pdfTeX, Version 3.141592653-2.6-1.40.27 (TeX Live 2026/dev/Arch Linux) (preloaded format=pdflatex 2025.6.27)  5 OCT 2025 23:08
entering extended mode
 restricted \write18 enabled.
 file:line:error style messages enabled.
 %&-line parsing enabled.
**/home/sam/Documents/CV/cv.tex
(/home/sam/Documents/CV/cv.tex
LaTeX2e <2024-11-01> patch level 2
L3 programming layer <2025-01-18>
(/usr/share/texmf-dist/tex/latex/base/article.cls
Document Class: article 2024/06/29 v1.4n Standard LaTeX document class
(/usr/share/texmf-dist/tex/latex/base/size10.clo
File: size10.clo 2024/06/29 v1.4n Standard LaTeX file (size option)
)
\c@part=\count196
\c@section=\count197
\c@subsection=\count198
\c@subsubsection=\count199
\c@paragraph=\count266
\c@subparagraph=\count267
\c@figure=\count268
\c@table=\count269
\abovecaptionskip=\skip49
\belowcaptionskip=\skip50
\bibindent=\dimen141
) (/usr/share/texmf-dist/tex/latex/psnfss/helvet.sty
Package: helvet 2020/03/25 PSNFSS-v9.3 (WaS) 
 (/usr/share/texmf-dist/tex/latex/graphics/keyval.sty
Package: keyval 2022/05/29 v1.15 key=value parser (DPC)
\KV@toks@=\toks17
)) (/usr/share/texmf-dist/tex/latex/base/fontenc.sty
Package: fontenc 2021/04/29 v2.0v Standard LaTeX package
LaTeX Font Info:    Trying to load font information for T1+phv on input line 116.
 (/usr/share/texmf-dist/tex/latex/psnfss/t1phv.fd
File: t1phv.fd 2020/03/25 scalable font definitions for T1/phv.
)
LaTeX Font Info:    Font shape `T1/phv/m/n' will be
(Font)              scaled to size 9.49997pt on input line 116.
) (/usr/share/texmf-dist/tex/latex/geometry/geometry.sty
Package: geometry 2020/01/02 v5.9 Page Geometry
 (/usr/share/texmf-dist/tex/generic/iftex/ifvtex.sty
Package: ifvtex 2019/10/25 v1.7 ifvtex legacy package. Use iftex instead.
 (/usr/share/texmf-dist/tex/generic/iftex/iftex.sty
Package: iftex 2024/12/12 v1.0g TeX engine tests
))
\Gm@cnth=\count270
\Gm@cntv=\count271
\c@Gm@tempcnt=\count272
\Gm@bindingoffset=\dimen142
\Gm@wd@mp=\dimen143
\Gm@odd@mp=\dimen144
\Gm@even@mp=\dimen145
\Gm@layoutwidth=\dimen146
\Gm@layoutheight=\dimen147
\Gm@layouthoffset=\dimen148
\Gm@layoutvoffset=\dimen149
\Gm@dimlist=\toks18
) (/usr/share/texmf-dist/tex/latex/tools/multicol.sty
Package: multicol 2024/09/14 v1.9i multicolumn formatting (FMi)
\c@tracingmulticols=\count273
\mult@box=\box52
\multicol@leftmargin=\dimen150
\c@unbalance=\count274
\c@collectmore=\count275
\doublecol@number=\count276
\multicoltolerance=\count277
\multicolpretolerance=\count278
\full@width=\dimen151
\page@free=\dimen152
\premulticols=\dimen153
\postmulticols=\dimen154
\multicolsep=\skip51
\multicolbaselineskip=\skip52
\partial@page=\box53
\last@line=\box54
\mc@boxedresult=\box55
\maxbalancingoverflow=\dimen155
\mult@rightbox=\box56
\mult@grightbox=\box57
\mult@firstbox=\box58
\mult@gfirstbox=\box59
\@tempa=\box60
\@tempa=\box61
\@tempa=\box62
\@tempa=\box63
\@tempa=\box64
\@tempa=\box65
\@tempa=\box66
\@tempa=\box67
\@tempa=\box68
\@tempa=\box69
\@tempa=\box70
\@tempa=\box71
\@tempa=\box72
\@tempa=\box73
\@tempa=\box74
\@tempa=\box75
\@tempa=\box76
\@tempa=\box77
\@tempa=\box78
\@tempa=\box79
\@tempa=\box80
\@tempa=\box81
\@tempa=\box82
\@tempa=\box83
\@tempa=\box84
\@tempa=\box85
\@tempa=\box86
\@tempa=\box87
\@tempa=\box88
\@tempa=\box89
\@tempa=\box90
\@tempa=\box91
\@tempa=\box92
\@tempa=\box93
\@tempa=\box94
\@tempa=\box95
\c@minrows=\count279
\c@columnbadness=\count280
\c@finalcolumnbadness=\count281
\last@try=\dimen156
\multicolovershoot=\dimen157
\multicolundershoot=\dimen158
\mult@nat@firstbox=\box96
\colbreak@box=\box97
\mc@col@check@num=\count282
) (/usr/share/texmf-dist/tex/latex/marginnote/marginnote.sty
Package: marginnote 2018/08/09 1.4b non floating margin notes for LaTeX
\c@mn@abspage=\count283
) (/usr/share/texmf-dist/tex/latex/sectsty/sectsty.sty
Package: sectsty 2002/02/25 v2.0.2 Commands to change all sectional heading styles


LaTeX Warning: Command \underbar  has changed.
               Check if current package is valid.


LaTeX Warning: Command \underline  has changed.
               Check if current package is valid.

) (/usr/share/texmf-dist/tex/generic/ulem/ulem.sty
\UL@box=\box98
\UL@hyphenbox=\box99
\UL@skip=\skip53
\UL@hook=\toks19
\UL@height=\dimen159
\UL@pe=\count284
\UL@pixel=\dimen160
\ULC@box=\box100
Package: ulem 2019/11/18
\ULdepth=\dimen161
) (/usr/share/texmf-dist/tex/latex/hyperref/hyperref.sty
Package: hyperref 2024-11-05 v7.01l Hypertext links for LaTeX
 (/usr/share/texmf-dist/tex/latex/kvsetkeys/kvsetkeys.sty
Package: kvsetkeys 2022-10-05 v1.19 Key value parser (HO)
) (/usr/share/texmf-dist/tex/generic/kvdefinekeys/kvdefinekeys.sty
Package: kvdefinekeys 2019-12-19 v1.6 Define keys (HO)
) (/usr/share/texmf-dist/tex/generic/pdfescape/pdfescape.sty
Package: pdfescape 2019/12/09 v1.15 Implements pdfTeX's escape features (HO)
 (/usr/share/texmf-dist/tex/generic/ltxcmds/ltxcmds.sty
Package: ltxcmds 2023-12-04 v1.26 LaTeX kernel commands for general use (HO)
) (/usr/share/texmf-dist/tex/generic/pdftexcmds/pdftexcmds.sty
Package: pdftexcmds 2020-06-27 v0.33 Utility functions of pdfTeX for LuaTeX (HO)
 (/usr/share/texmf-dist/tex/generic/infwarerr/infwarerr.sty
Package: infwarerr 2019/12/03 v1.5 Providing info/warning/error messages (HO)
)
Package pdftexcmds Info: \pdf@primitive is available.
Package pdftexcmds Info: \pdf@ifprimitive is available.
Package pdftexcmds Info: \pdfdraftmode found.
)) (/usr/share/texmf-dist/tex/latex/hycolor/hycolor.sty
Package: hycolor 2020-01-27 v1.10 Color options for hyperref/bookmark (HO)
) (/usr/share/texmf-dist/tex/latex/hyperref/nameref.sty
Package: nameref 2023-11-26 v2.56 Cross-referencing by name of section
 (/usr/share/texmf-dist/tex/latex/refcount/refcount.sty
Package: refcount 2019/12/15 v3.6 Data extraction from label references (HO)
) (/usr/share/texmf-dist/tex/generic/gettitlestring/gettitlestring.sty
Package: gettitlestring 2019/12/15 v1.6 Cleanup title references (HO)
 (/usr/share/texmf-dist/tex/latex/kvoptions/kvoptions.sty
Package: kvoptions 2022-06-15 v3.15 Key value format for package options (HO)
))
\c@section@level=\count285
) (/usr/share/texmf-dist/tex/latex/etoolbox/etoolbox.sty
Package: etoolbox 2025/02/11 v2.5l e-TeX tools for LaTeX (JAW)
\etb@tempcnta=\count286
) (/usr/share/texmf-dist/tex/generic/stringenc/stringenc.sty
Package: stringenc 2019/11/29 v1.12 Convert strings between diff. encodings (HO)
)
\@linkdim=\dimen162
\Hy@linkcounter=\count287
\Hy@pagecounter=\count288
 (/usr/share/texmf-dist/tex/latex/hyperref/pd1enc.def
File: pd1enc.def 2024-11-05 v7.01l Hyperref: PDFDocEncoding definition (HO)
Now handling font encoding PD1 ...
... no UTF-8 mapping file for font encoding PD1
) (/usr/share/texmf-dist/tex/generic/intcalc/intcalc.sty
Package: intcalc 2019/12/15 v1.3 Expandable calculations with integers (HO)
)
\Hy@SavedSpaceFactor=\count289
 (/usr/share/texmf-dist/tex/latex/hyperref/puenc.def
File: puenc.def 2024-11-05 v7.01l Hyperref: PDF Unicode definition (HO)
Now handling font encoding PU ...
... no UTF-8 mapping file for font encoding PU
)
Package hyperref Info: Hyper figures OFF on input line 4157.
Package hyperref Info: Link nesting OFF on input line 4162.
Package hyperref Info: Hyper index ON on input line 4165.
Package hyperref Info: Plain pages OFF on input line 4172.
Package hyperref Info: Backreferencing OFF on input line 4177.
Package hyperref Info: Implicit mode ON; LaTeX internals redefined.
Package hyperref Info: Bookmarks ON on input line 4424.
\c@Hy@tempcnt=\count290
 (/usr/share/texmf-dist/tex/latex/url/url.sty
\Urlmuskip=\muskip17
Package: url 2013/09/16  ver 3.4  Verb mode for urls, etc.
)
LaTeX Info: Redefining \url on input line 4763.
\XeTeXLinkMargin=\dimen163
 (/usr/share/texmf-dist/tex/generic/bitset/bitset.sty
Package: bitset 2019/12/09 v1.3 Handle bit-vector datatype (HO)
 (/usr/share/texmf-dist/tex/generic/bigintcalc/bigintcalc.sty
Package: bigintcalc 2019/12/15 v1.5 Expandable calculations on big integers (HO)
))
\Fld@menulength=\count291
\Field@Width=\dimen164
\Fld@charsize=\dimen165
Package hyperref Info: Hyper figures OFF on input line 6042.
Package hyperref Info: Link nesting OFF on input line 6047.
Package hyperref Info: Hyper index ON on input line 6050.
Package hyperref Info: backreferencing OFF on input line 6057.
Package hyperref Info: Link coloring OFF on input line 6062.
Package hyperref Info: Link coloring with OCG OFF on input line 6067.
Package hyperref Info: PDF/A mode OFF on input line 6072.
 (/usr/share/texmf-dist/tex/latex/base/atbegshi-ltx.sty
Package: atbegshi-ltx 2021/01/10 v1.0c Emulation of the original atbegshi
package with kernel methods
)
\Hy@abspage=\count292
\c@Item=\count293
\c@Hfootnote=\count294
)
Package hyperref Info: Driver (autodetected): hpdftex.
 (/usr/share/texmf-dist/tex/latex/hyperref/hpdftex.def
File: hpdftex.def 2024-11-05 v7.01l Hyperref driver for pdfTeX
 (/usr/share/texmf-dist/tex/latex/base/atveryend-ltx.sty
Package: atveryend-ltx 2020/08/19 v1.0a Emulation of the original atveryend package
with kernel methods
)
\Fld@listcount=\count295
\c@bookmark@seq@number=\count296
 (/usr/share/texmf-dist/tex/latex/rerunfilecheck/rerunfilecheck.sty
Package: rerunfilecheck 2022-07-10 v1.10 Rerun checks for auxiliary files (HO)
 (/usr/share/texmf-dist/tex/generic/uniquecounter/uniquecounter.sty
Package: uniquecounter 2019/12/15 v1.4 Provide unlimited unique counter (HO)
)
Package uniquecounter Info: New unique counter `rerunfilecheck' on input line 285.
)
\Hy@SectionHShift=\skip54
)
Package hyperref Info: Option `colorlinks' set `true' on input line 51.
Package hyperref Info: Option `breaklinks' set `true' on input line 51.


Package hyperref Warning: Option `xetex' has already been used,
(hyperref)                setting the option has no effect on input line 51.


Package hyperref Warning: Option `bookmarks' has already been used,
(hyperref)                setting the option has no effect on input line 51.

(/usr/share/texmf-dist/tex/latex/l3backend/l3backend-pdftex.def
File: l3backend-pdftex.def 2024-05-08 L3 backend support: PDF output (pdfTeX)
\l__color_backend_stack_int=\count297
\l__pdf_internal_box=\box101
) (./cv.aux)
\openout1 = `cv.aux'.

LaTeX Font Info:    Checking defaults for OML/cmm/m/it on input line 53.
LaTeX Font Info:    ... okay on input line 53.
LaTeX Font Info:    Checking defaults for OMS/cmsy/m/n on input line 53.
LaTeX Font Info:    ... okay on input line 53.
LaTeX Font Info:    Checking defaults for OT1/cmr/m/n on input line 53.
LaTeX Font Info:    ... okay on input line 53.
LaTeX Font Info:    Checking defaults for T1/cmr/m/n on input line 53.
LaTeX Font Info:    ... okay on input line 53.
LaTeX Font Info:    Checking defaults for TS1/cmr/m/n on input line 53.
LaTeX Font Info:    ... okay on input line 53.
LaTeX Font Info:    Checking defaults for OMX/cmex/m/n on input line 53.
LaTeX Font Info:    ... okay on input line 53.
LaTeX Font Info:    Checking defaults for U/cmr/m/n on input line 53.
LaTeX Font Info:    ... okay on input line 53.
LaTeX Font Info:    Checking defaults for PD1/pdf/m/n on input line 53.
LaTeX Font Info:    ... okay on input line 53.
LaTeX Font Info:    Checking defaults for PU/pdf/m/n on input line 53.
LaTeX Font Info:    ... okay on input line 53.

*geometry* driver: auto-detecting
*geometry* detected driver: pdftex
*geometry* verbose mode - [ preamble ] result:
* driver: pdftex
* paper: a4paper
* layout: <same size as paper>
* layoutoffset:(h,v)=(0.0pt,0.0pt)
* modes: 
* h-part:(L,W,R)=(99.58464pt, 398.3386pt, 99.58464pt)
* v-part:(T,H,B)=(99.58464pt, 697.09253pt, 48.36967pt)
* \paperwidth=597.50787pt
* \paperheight=845.04684pt
* \textwidth=398.3386pt
* \textheight=697.09253pt
* \oddsidemargin=27.31465pt
* \evensidemargin=27.31465pt
* \topmargin=-9.68535pt
* \headheight=12.0pt
* \headsep=25.0pt
* \topskip=10.0pt
* \footskip=30.0pt
* \marginparwidth=57.0pt
* \marginparsep=7.0pt
* \columnsep=-99.58464pt
* \skip\footins=9.0pt plus 4.0pt minus 2.0pt
* \hoffset=0.0pt
* \voffset=0.0pt
* \mag=1000
* \@twocolumnfalse
* \@twosidefalse
* \@mparswitchfalse
* \@reversemargintrue
* (1in=72.27pt=25.4mm, 1cm=28.453pt)

(/usr/share/texmf-dist/tex/latex/graphics/color.sty
Package: color 2024/06/23 v1.3e Standard LaTeX Color (DPC)
 (/usr/share/texmf-dist/tex/latex/graphics-cfg/color.cfg
File: color.cfg 2016/01/02 v1.6 sample color configuration
)
Package color Info: Driver file: pdftex.def on input line 149.
 (/usr/share/texmf-dist/tex/latex/graphics-def/pdftex.def
File: pdftex.def 2024/04/13 v1.2c Graphics/color driver for pdftex
 (/usr/share/texmf-dist/tex/context/base/mkii/supp-pdf.mkii
[Loading MPS to PDF converter (version 2006.09.02).]
\scratchcounter=\count298
\scratchdimen=\dimen166
\scratchbox=\box102
\nofMPsegments=\count299
\nofMParguments=\count300
\everyMPshowfont=\toks20
\MPscratchCnt=\count301
\MPscratchDim=\dimen167
\MPnumerator=\count302
\makeMPintoPDFobject=\count303
\everyMPtoPDFconversion=\toks21
)) (/usr/share/texmf-dist/tex/latex/graphics/mathcolor.ltx))
Package hyperref Info: Link coloring ON on input line 53.
 (./cv.out) (./cv.out)
\@outlinefile=\write3
\openout3 = `cv.out'.

LaTeX Font Info:    Font shape `T1/phv/m/n' will be
(Font)              scaled to size 23.63593pt on input line 58.
LaTeX Font Info:    Font shape `T1/phv/m/n' will be
(Font)              scaled to size 16.41594pt on input line 59.

Underfull \hbox (badness 10000) in paragraph at lines 58--61

 []

LaTeX Font Info:    Font shape `T1/phv/b/n' will be
(Font)              scaled to size 9.49997pt on input line 63.
LaTeX Font Info:    Font shape `T1/phv/m/n' will be
(Font)              scaled to size 13.67995pt on input line 73.
LaTeX Font Info:    Font shape `T1/phv/b/n' will be
(Font)              scaled to size 13.67995pt on input line 73.
Package marginnote Info: Margin note 1.1 is on absolute page 1 on input line 74.
Package marginnote Info: right page because not two side mode on input line 74.
LaTeX Font Info:    Font shape `T1/phv/m/n' will be
(Font)              scaled to size 8.54997pt on input line 74.
Package marginnote Info: xpos seems to be 99.58464pt on input line 74.

Underfull \hbox (badness 10000) in paragraph at lines 74--76

 []

Package marginnote Info: Margin note 1.2 is on absolute page 1 on input line 77.
Package marginnote Info: right page because not two side mode on input line 77.
Package marginnote Info: xpos seems to be 99.58464pt on input line 77.

Underfull \hbox (badness 10000) in paragraph at lines 77--78

 []

Package marginnote Info: Margin note 1.3 is on absolute page 1 on input line 79.
Package marginnote Info: right page because not two side mode on input line 79.
Package marginnote Info: xpos seems to be 99.58464pt on input line 79.

Underfull \hbox (badness 10000) in paragraph at lines 79--80

 []

Package marginnote Info: Margin note 1.4 is on absolute page 1 on input line 82.
Package marginnote Info: right page because not two side mode on input line 82.
Package marginnote Info: xpos seems to be 99.58464pt on input line 82.

Underfull \hbox (badness 10000) in paragraph at lines 82--84

 []

LaTeX Font Info:    Font shape `T1/phv/m/n' will be
(Font)              scaled to size 11.39996pt on input line 86.
LaTeX Font Info:    Font shape `T1/phv/b/n' will be
(Font)              scaled to size 11.39996pt on input line 86.
Package marginnote Info: Margin note 1.5 is on absolute page 1 on input line 87.
Package marginnote Info: right page because not two side mode on input line 87.
Package marginnote Info: xpos seems to be 99.58464pt on input line 87.
LaTeX Font Info:    Font shape `T1/phv/m/it' in size <10> not available
(Font)              Font shape `T1/phv/m/sl' tried instead on input line 89.
LaTeX Font Info:    Font shape `T1/phv/m/sl' will be
(Font)              scaled to size 9.49997pt on input line 89.

Underfull \hbox (badness 10000) in paragraph at lines 87--90

 []

Package marginnote Info: Margin note 1.6 is on absolute page 1 on input line 91.
Package marginnote Info: right page because not two side mode on input line 91.
Package marginnote Info: xpos seems to be 99.58464pt on input line 91.

Underfull \hbox (badness 10000) in paragraph at lines 91--94

 []

Package marginnote Info: Margin note 1.7 is on absolute page 1 on input line 95.
Package marginnote Info: right page because not two side mode on input line 95.
Package marginnote Info: xpos seems to be 99.58464pt on input line 95.

Underfull \hbox (badness 10000) in paragraph at lines 95--98

 []

Package marginnote Info: Margin note 1.8 is on absolute page 1 on input line 99.
Package marginnote Info: right page because not two side mode on input line 99.
Package marginnote Info: xpos seems to be 99.58464pt on input line 99.

Underfull \hbox (badness 10000) in paragraph at lines 99--102

 []

Package marginnote Info: Margin note 1.9 is on absolute page 1 on input line 103.
Package marginnote Info: right page because not two side mode on input line 103.
Package marginnote Info: xpos seems to be 99.58464pt on input line 103.

Underfull \hbox (badness 10000) in paragraph at lines 103--106

 []

Package marginnote Info: Margin note 1.10 is on absolute page 2 on input line 108.
Package marginnote Info: right page because not two side mode on input line 108.
Package marginnote Info: xpos seems to be 99.58464pt on input line 108.


[1

{/var/lib/texmf/fonts/map/pdftex/updmap/pdftex.map}{/usr/share/texmf-dist/fonts/enc/dvips/base/8r.enc}]
Package marginnote Info: Margin note 2.1 is on absolute page 2 on input line 112.
Package marginnote Info: right page because not two side mode on input line 112.
Package marginnote Info: xpos seems to be 99.58464pt on input line 112.

Underfull \hbox (badness 10000) in paragraph at lines 112--114

 []

Package marginnote Info: Margin note 2.2 is on absolute page 2 on input line 117.
Package marginnote Info: right page because not two side mode on input line 117.
Package marginnote Info: xpos seems to be 99.58464pt on input line 117.

Underfull \hbox (badness 10000) in paragraph at lines 117--121

 []

Package marginnote Info: Margin note 2.3 is on absolute page 2 on input line 122.
Package marginnote Info: right page because not two side mode on input line 122.
Package marginnote Info: xpos seems to be 99.58464pt on input line 122.

Underfull \hbox (badness 10000) in paragraph at lines 122--126

 []

Package marginnote Info: Margin note 2.4 is on absolute page 2 on input line 128.
Package marginnote Info: right page because not two side mode on input line 128.
Package marginnote Info: xpos seems to be 99.58464pt on input line 128.

Underfull \hbox (badness 10000) in paragraph at lines 128--131

 []

Package marginnote Info: Margin note 2.5 is on absolute page 2 on input line 132.
Package marginnote Info: right page because not two side mode on input line 132.
Package marginnote Info: xpos seems to be 99.58464pt on input line 132.

Underfull \hbox (badness 10000) in paragraph at lines 132--135

 []

Package marginnote Info: Margin note 2.6 is on absolute page 2 on input line 136.
Package marginnote Info: right page because not two side mode on input line 136.
Package marginnote Info: xpos seems to be 99.58464pt on input line 136.

Underfull \hbox (badness 10000) in paragraph at lines 136--139

 []

Package marginnote Info: Margin note 2.7 is on absolute page 2 on input line 140.
Package marginnote Info: right page because not two side mode on input line 140.
Package marginnote Info: xpos seems to be 99.58464pt on input line 140.

Underfull \hbox (badness 10000) in paragraph at lines 140--143

 []

Package marginnote Info: Margin note 2.8 is on absolute page 2 on input line 144.
Package marginnote Info: right page because not two side mode on input line 144.
Package marginnote Info: xpos seems to be 99.58464pt on input line 144.

Underfull \hbox (badness 10000) in paragraph at lines 144--147

 []

Package marginnote Info: Margin note 2.9 is on absolute page 2 on input line 148.
Package marginnote Info: right page because not two side mode on input line 148.
Package marginnote Info: xpos seems to be 99.58464pt on input line 148.

Underfull \hbox (badness 10000) in paragraph at lines 148--151

 []

Package marginnote Info: Margin note 2.10 is on absolute page 2 on input line 152.
Package marginnote Info: right page because not two side mode on input line 152.
Package marginnote Info: xpos seems to be 99.58464pt on input line 152.

Underfull \hbox (badness 10000) in paragraph at lines 152--155

 []

Package marginnote Info: Margin note 2.11 is on absolute page 2 on input line 156.
Package marginnote Info: right page because not two side mode on input line 156.
Package marginnote Info: xpos seems to be 99.58464pt on input line 156.

Underfull \hbox (badness 10000) in paragraph at lines 156--159

 []

Package marginnote Info: Margin note 2.12 is on absolute page 2 on input line 161.
Package marginnote Info: right page because not two side mode on input line 161.
Package marginnote Info: xpos seems to be 99.58464pt on input line 161.

Underfull \hbox (badness 10000) in paragraph at lines 161--164

 []

Package marginnote Info: Margin note 2.13 is on absolute page 2 on input line 165.
Package marginnote Info: right page because not two side mode on input line 165.
Package marginnote Info: xpos seems to be 99.58464pt on input line 165.

Underfull \hbox (badness 10000) in paragraph at lines 165--168

 []

Package marginnote Info: Margin note 2.14 is on absolute page 3 on input line 169.
Package marginnote Info: right page because not two side mode on input line 169.
Package marginnote Info: xpos seems to be 99.58464pt on input line 169.


[2]
Underfull \hbox (badness 10000) in paragraph at lines 169--172

 []

Package marginnote Info: Margin note 3.1 is on absolute page 3 on input line 173.
Package marginnote Info: right page because not two side mode on input line 173.
Package marginnote Info: xpos seems to be 99.58464pt on input line 173.

Underfull \hbox (badness 10000) in paragraph at lines 173--177

 []

Package marginnote Info: Margin note 3.2 is on absolute page 3 on input line 179.
Package marginnote Info: right page because not two side mode on input line 179.
Package marginnote Info: xpos seems to be 99.58464pt on input line 179.

Underfull \hbox (badness 10000) in paragraph at lines 179--183

 []

Package marginnote Info: Margin note 3.3 is on absolute page 3 on input line 186.
Package marginnote Info: right page because not two side mode on input line 186.
Package marginnote Info: xpos seems to be 99.58464pt on input line 186.

Underfull \hbox (badness 10000) in paragraph at lines 186--187

 []

Package marginnote Info: Margin note 3.4 is on absolute page 3 on input line 189.
Package marginnote Info: right page because not two side mode on input line 189.
Package marginnote Info: xpos seems to be 99.58464pt on input line 189.
Package marginnote Info: Margin note 3.5 is on absolute page 3 on input line 190.
Package marginnote Info: right page because not two side mode on input line 190.
Package marginnote Info: xpos seems to be 99.58464pt on input line 190.
Package marginnote Info: Margin note 3.6 is on absolute page 3 on input line 191.
Package marginnote Info: right page because not two side mode on input line 191.
Package marginnote Info: xpos seems to be 99.58464pt on input line 191.
Package marginnote Info: Margin note 3.7 is on absolute page 3 on input line 192.
Package marginnote Info: right page because not two side mode on input line 192.
Package marginnote Info: xpos seems to be 99.58464pt on input line 192.

Underfull \hbox (badness 10000) in paragraph at lines 189--193

 []

Package marginnote Info: Margin note 3.8 is on absolute page 3 on input line 195.
Package marginnote Info: right page because not two side mode on input line 195.
Package marginnote Info: xpos seems to be 99.58464pt on input line 195.

Underfull \hbox (badness 10000) in paragraph at lines 195--196

 []

Package marginnote Info: Margin note 3.9 is on absolute page 3 on input line 199.
Package marginnote Info: right page because not two side mode on input line 199.
Package marginnote Info: xpos seems to be 99.58464pt on input line 199.
Package marginnote Info: Margin note 3.10 is on absolute page 3 on input line 200.
Package marginnote Info: right page because not two side mode on input line 200.
Package marginnote Info: xpos seems to be 99.58464pt on input line 200.

Underfull \hbox (badness 10000) in paragraph at lines 199--202

 []

LaTeX Font Info:    Font shape `T1/phv/b/it' in size <12> not available
(Font)              Font shape `T1/phv/b/sl' tried instead on input line 206.
LaTeX Font Info:    Font shape `T1/phv/b/sl' will be
(Font)              scaled to size 11.39996pt on input line 206.
Package marginnote Info: Margin note 3.11 is on absolute page 3 on input line 207.
Package marginnote Info: right page because not two side mode on input line 207.
Package marginnote Info: xpos seems to be 99.58464pt on input line 207.

Underfull \hbox (badness 10000) in paragraph at lines 207--211

 []

Package marginnote Info: Margin note 3.12 is on absolute page 3 on input line 212.
Package marginnote Info: right page because not two side mode on input line 212.
Package marginnote Info: xpos seems to be 99.58464pt on input line 212.

Underfull \hbox (badness 10000) in paragraph at lines 212--216

 []



[3]
Package marginnote Info: Margin note 4.1 is on absolute page 4 on input line 218.
Package marginnote Info: right page because not two side mode on input line 218.
Package marginnote Info: xpos seems to be 99.58464pt on input line 218.
Package marginnote Info: Margin note 4.2 is on absolute page 4 on input line 219.
Package marginnote Info: right page because not two side mode on input line 219.
Package marginnote Info: xpos seems to be 99.58464pt on input line 219.
Package marginnote Info: Margin note 4.3 is on absolute page 4 on input line 220.
Package marginnote Info: right page because not two side mode on input line 220.
Package marginnote Info: xpos seems to be 99.58464pt on input line 220.
Package marginnote Info: Margin note 4.4 is on absolute page 4 on input line 221.
Package marginnote Info: right page because not two side mode on input line 221.
Package marginnote Info: xpos seems to be 99.58464pt on input line 221.
Package marginnote Info: Margin note 4.5 is on absolute page 4 on input line 222.
Package marginnote Info: right page because not two side mode on input line 222.
Package marginnote Info: xpos seems to be 99.58464pt on input line 222.

Underfull \hbox (badness 10000) in paragraph at lines 218--223

 []

Package marginnote Info: Margin note 4.6 is on absolute page 4 on input line 228.
Package marginnote Info: right page because not two side mode on input line 228.
Package marginnote Info: xpos seems to be 99.58464pt on input line 228.
Package marginnote Info: Margin note 4.7 is on absolute page 4 on input line 231.
Package marginnote Info: right page because not two side mode on input line 231.
Package marginnote Info: xpos seems to be 99.58464pt on input line 231.
Package marginnote Info: Margin note 4.8 is on absolute page 4 on input line 234.
Package marginnote Info: right page because not two side mode on input line 234.
Package marginnote Info: xpos seems to be 99.58464pt on input line 234.
Package marginnote Info: Margin note 4.9 is on absolute page 4 on input line 239.
Package marginnote Info: right page because not two side mode on input line 239.
Package marginnote Info: xpos seems to be 99.58464pt on input line 239.
Package marginnote Info: Margin note 4.10 is on absolute page 4 on input line 240.
Package marginnote Info: right page because not two side mode on input line 240.
Package marginnote Info: xpos seems to be 99.58464pt on input line 240.
Package marginnote Info: Margin note 4.11 is on absolute page 4 on input line 241.
Package marginnote Info: right page because not two side mode on input line 241.
Package marginnote Info: xpos seems to be 99.58464pt on input line 241.
Package marginnote Info: Margin note 4.12 is on absolute page 4 on input line 242.
Package marginnote Info: right page because not two side mode on input line 242.
Package marginnote Info: xpos seems to be 99.58464pt on input line 242.
Package marginnote Info: Margin note 4.13 is on absolute page 4 on input line 243.
Package marginnote Info: right page because not two side mode on input line 243.
Package marginnote Info: xpos seems to be 99.58464pt on input line 243.
Package marginnote Info: Margin note 4.14 is on absolute page 4 on input line 244.
Package marginnote Info: right page because not two side mode on input line 244.
Package marginnote Info: xpos seems to be 99.58464pt on input line 244.
Package marginnote Info: Margin note 4.15 is on absolute page 4 on input line 245.
Package marginnote Info: right page because not two side mode on input line 245.
Package marginnote Info: xpos seems to be 99.58464pt on input line 245.

Underfull \hbox (badness 10000) in paragraph at lines 239--246

 []

Package marginnote Info: Margin note 4.16 is on absolute page 4 on input line 247.
Package marginnote Info: right page because not two side mode on input line 247.
Package marginnote Info: xpos seems to be 99.58464pt on input line 247.
Package marginnote Info: Margin note 4.17 is on absolute page 4 on input line 248.
Package marginnote Info: right page because not two side mode on input line 248.
Package marginnote Info: xpos seems to be 99.58464pt on input line 248.
Package marginnote Info: Margin note 4.18 is on absolute page 4 on input line 249.
Package marginnote Info: right page because not two side mode on input line 249.
Package marginnote Info: xpos seems to be 99.58464pt on input line 249.
Package marginnote Info: Margin note 4.19 is on absolute page 4 on input line 250.
Package marginnote Info: right page because not two side mode on input line 250.
Package marginnote Info: xpos seems to be 99.58464pt on input line 250.
Package marginnote Info: Margin note 4.20 is on absolute page 4 on input line 251.
Package marginnote Info: right page because not two side mode on input line 251.
Package marginnote Info: xpos seems to be 99.58464pt on input line 251.
Package marginnote Info: Margin note 4.21 is on absolute page 4 on input line 252.
Package marginnote Info: right page because not two side mode on input line 252.
Package marginnote Info: xpos seems to be 99.58464pt on input line 252.
Package marginnote Info: Margin note 4.22 is on absolute page 4 on input line 253.
Package marginnote Info: right page because not two side mode on input line 253.
Package marginnote Info: xpos seems to be 99.58464pt on input line 253.
Package marginnote Info: Margin note 4.23 is on absolute page 4 on input line 254.
Package marginnote Info: right page because not two side mode on input line 254.
Package marginnote Info: xpos seems to be 99.58464pt on input line 254.
Package marginnote Info: Margin note 4.24 is on absolute page 4 on input line 257.
Package marginnote Info: right page because not two side mode on input line 257.
Package marginnote Info: xpos seems to be 99.58464pt on input line 257.
Package marginnote Info: Margin note 4.25 is on absolute page 5 on input line 258.
Package marginnote Info: right page because not two side mode on input line 258.
Package marginnote Info: xpos seems to be 99.58464pt on input line 258.

Underfull \hbox (badness 10000) in paragraph at lines 257--259

 []



[4]

[5] (./cv.aux)
 ***********
LaTeX2e <2024-11-01> patch level 2
L3 programming layer <2025-01-18>
 ***********
Package rerunfilecheck Info: File `cv.out' has not changed.
(rerunfilecheck)             Checksum: D41D8CD98F00B204E9800998ECF8427E;0.
 ) 
Here is how much of TeX's memory you used:
 9425 strings out of 475171
 143340 string characters out of 5767095
 561294 words of memory out of 5000000
 32299 multiletter control sequences out of 15000+600000
 588037 words of font info for 57 fonts, out of 8000000 for 9000
 14 hyphenation exceptions out of 8191
 75i,9n,79p,262b,439s stack positions out of 10000i,1000n,20000p,200000b,200000s
</usr/share/texmf-dist/fonts/type1/urw/helvetic/uhvb8a.pfb></usr/share/texmf-dist/fonts/type1/urw/helvetic/uhvbo8a.pfb></usr/share/texmf-dist/fonts/type1/urw/helvetic/uhvr8a.pfb></usr/share/texmf-dist/fonts/type1/urw/helvetic/uhvro8a.pfb>
Output written on cv.pdf (5 pages, 49150 bytes).
PDF statistics:
 82 PDF objects out of 1000 (max. 8388607)
 66 compressed objects within 1 object stream
 31 named destinations out of 1000 (max. 500000)
 1 words of extra memory for PDF output out of 10000 (max. 10000000)

